2018-07-04 16:20:02 [scrapy.utils.log] INFO: Scrapy 1.5.0 started (bot: lagou)
2018-07-04 16:20:02 [scrapy.utils.log] INFO: Versions: lxml 4.2.1.0, libxml2 2.9.8, cssselect 1.0.3, parsel 1.4.0, w3lib 1.19.0, Twisted 18.4.0, Python 3.6.5 (default, Apr 25 2018, 14:23:58) - [GCC 4.2.1 Compatible Apple LLVM 9.1.0 (clang-902.0.39.1)], pyOpenSSL 18.0.0 (OpenSSL 1.1.0h  27 Mar 2018), cryptography 2.2.2, Platform Darwin-17.5.0-x86_64-i386-64bit
2018-07-04 16:20:02 [scrapy.crawler] INFO: Overridden settings: {'BOT_NAME': 'lagou', 'LOG_FILE': 'all.log', 'NEWSPIDER_MODULE': 'lagou.spiders', 'SPIDER_MODULES': ['lagou.spiders']}
2018-07-04 16:20:02 [scrapy.middleware] INFO: Enabled extensions:
['scrapy.extensions.corestats.CoreStats',
 'scrapy.extensions.telnet.TelnetConsole',
 'scrapy.extensions.memusage.MemoryUsage',
 'scrapy.extensions.logstats.LogStats']
2018-07-04 16:20:02 [scrapy.middleware] INFO: Enabled downloader middlewares:
['scrapy.downloadermiddlewares.httpauth.HttpAuthMiddleware',
 'scrapy.downloadermiddlewares.downloadtimeout.DownloadTimeoutMiddleware',
 'scrapy.downloadermiddlewares.defaultheaders.DefaultHeadersMiddleware',
 'scrapy.downloadermiddlewares.useragent.UserAgentMiddleware',
 'scrapy.downloadermiddlewares.retry.RetryMiddleware',
 'scrapy.downloadermiddlewares.redirect.MetaRefreshMiddleware',
 'scrapy.downloadermiddlewares.httpcompression.HttpCompressionMiddleware',
 'scrapy.downloadermiddlewares.redirect.RedirectMiddleware',
 'scrapy.downloadermiddlewares.cookies.CookiesMiddleware',
 'scrapy.downloadermiddlewares.httpproxy.HttpProxyMiddleware',
 'scrapy.downloadermiddlewares.stats.DownloaderStats']
2018-07-04 16:20:02 [scrapy.middleware] INFO: Enabled spider middlewares:
['scrapy.spidermiddlewares.httperror.HttpErrorMiddleware',
 'scrapy.spidermiddlewares.offsite.OffsiteMiddleware',
 'scrapy.spidermiddlewares.referer.RefererMiddleware',
 'scrapy.spidermiddlewares.urllength.UrlLengthMiddleware',
 'scrapy.spidermiddlewares.depth.DepthMiddleware']
2018-07-04 16:20:02 [scrapy.middleware] INFO: Enabled item pipelines:
['lagou.pipelines.LagouPipeline', 'lagou.pipelines.MongoPipeline']
2018-07-04 16:20:02 [scrapy.core.engine] INFO: Spider opened
2018-07-04 16:20:02 [scrapy.extensions.logstats] INFO: Crawled 0 pages (at 0 pages/min), scraped 0 items (at 0 items/min)
2018-07-04 16:20:02 [scrapy.extensions.telnet] DEBUG: Telnet console listening on 127.0.0.1:6024
2018-07-04 16:20:02 [scrapy.core.engine] DEBUG: Crawled (200) <POST https://www.lagou.com/jobs/positionAjax.json?city=%E5%8C%97%E4%BA%AC&needAddtionalResult=false> (referer: https://www.lagou.com/jobs/list_python%E7%88%AC%E8%99%AB?labelWords=sug&fromSearch=true&suginput=python)
2018-07-04 16:20:02 [scrapy.core.engine] DEBUG: Crawled (200) <POST https://www.lagou.com/jobs/positionAjax.json?city=%E5%8C%97%E4%BA%AC&needAddtionalResult=false> (referer: https://www.lagou.com/jobs/list_python%E7%88%AC%E8%99%AB?labelWords=sug&fromSearch=true&suginput=python)
2018-07-04 16:20:02 [scrapy.core.engine] DEBUG: Crawled (200) <POST https://www.lagou.com/jobs/positionAjax.json?city=%E5%8C%97%E4%BA%AC&needAddtionalResult=false> (referer: https://www.lagou.com/jobs/list_python%E7%88%AC%E8%99%AB?labelWords=sug&fromSearch=true&suginput=python)
2018-07-04 16:20:02 [scrapy.core.engine] DEBUG: Crawled (200) <POST https://www.lagou.com/jobs/positionAjax.json?city=%E5%8C%97%E4%BA%AC&needAddtionalResult=false> (referer: https://www.lagou.com/jobs/list_python%E7%88%AC%E8%99%AB?labelWords=sug&fromSearch=true&suginput=python)
2018-07-04 16:20:02 [scrapy.core.engine] DEBUG: Crawled (200) <POST https://www.lagou.com/jobs/positionAjax.json?city=%E5%8C%97%E4%BA%AC&needAddtionalResult=false> (referer: https://www.lagou.com/jobs/list_python%E7%88%AC%E8%99%AB?labelWords=sug&fromSearch=true&suginput=python)
2018-07-04 16:20:02 [scrapy.core.engine] DEBUG: Crawled (200) <POST https://www.lagou.com/jobs/positionAjax.json?city=%E5%8C%97%E4%BA%AC&needAddtionalResult=false> (referer: https://www.lagou.com/jobs/list_python%E7%88%AC%E8%99%AB?labelWords=sug&fromSearch=true&suginput=python)
2018-07-04 16:20:02 [scrapy.core.engine] DEBUG: Crawled (200) <POST https://www.lagou.com/jobs/positionAjax.json?city=%E5%8C%97%E4%BA%AC&needAddtionalResult=false> (referer: https://www.lagou.com/jobs/list_python%E7%88%AC%E8%99%AB?labelWords=sug&fromSearch=true&suginput=python)
2018-07-04 16:20:02 [scrapy.core.engine] DEBUG: Crawled (200) <POST https://www.lagou.com/jobs/positionAjax.json?city=%E5%8C%97%E4%BA%AC&needAddtionalResult=false> (referer: https://www.lagou.com/jobs/list_python%E7%88%AC%E8%99%AB?labelWords=sug&fromSearch=true&suginput=python)
2018-07-04 16:20:02 [scrapy.core.engine] DEBUG: Crawled (200) <POST https://www.lagou.com/jobs/positionAjax.json?city=%E5%8C%97%E4%BA%AC&needAddtionalResult=false> (referer: https://www.lagou.com/jobs/list_python%E7%88%AC%E8%99%AB?labelWords=sug&fromSearch=true&suginput=python)
2018-07-04 16:20:02 [scrapy.core.engine] DEBUG: Crawled (200) <POST https://www.lagou.com/jobs/positionAjax.json?city=%E5%8C%97%E4%BA%AC&needAddtionalResult=false> (referer: https://www.lagou.com/jobs/list_python%E7%88%AC%E8%99%AB?labelWords=sug&fromSearch=true&suginput=python)
2018-07-04 16:20:02 [scrapy.core.engine] DEBUG: Crawled (200) <POST https://www.lagou.com/jobs/positionAjax.json?city=%E5%8C%97%E4%BA%AC&needAddtionalResult=false> (referer: https://www.lagou.com/jobs/list_python%E7%88%AC%E8%99%AB?labelWords=sug&fromSearch=true&suginput=python)
2018-07-04 16:20:02 [scrapy.core.engine] DEBUG: Crawled (200) <POST https://www.lagou.com/jobs/positionAjax.json?city=%E5%8C%97%E4%BA%AC&needAddtionalResult=false> (referer: https://www.lagou.com/jobs/list_python%E7%88%AC%E8%99%AB?labelWords=sug&fromSearch=true&suginput=python)
2018-07-04 16:20:02 [scrapy.core.engine] DEBUG: Crawled (200) <POST https://www.lagou.com/jobs/positionAjax.json?city=%E5%8C%97%E4%BA%AC&needAddtionalResult=false> (referer: https://www.lagou.com/jobs/list_python%E7%88%AC%E8%99%AB?labelWords=sug&fromSearch=true&suginput=python)
2018-07-04 16:20:02 [scrapy.core.engine] DEBUG: Crawled (200) <POST https://www.lagou.com/jobs/positionAjax.json?city=%E5%8C%97%E4%BA%AC&needAddtionalResult=false> (referer: https://www.lagou.com/jobs/list_python%E7%88%AC%E8%99%AB?labelWords=sug&fromSearch=true&suginput=python)
2018-07-04 16:20:02 [scrapy.core.engine] DEBUG: Crawled (200) <POST https://www.lagou.com/jobs/positionAjax.json?city=%E5%8C%97%E4%BA%AC&needAddtionalResult=false> (referer: https://www.lagou.com/jobs/list_python%E7%88%AC%E8%99%AB?labelWords=sug&fromSearch=true&suginput=python)
2018-07-04 16:20:02 [scrapy.core.engine] DEBUG: Crawled (200) <POST https://www.lagou.com/jobs/positionAjax.json?city=%E5%8C%97%E4%BA%AC&needAddtionalResult=false> (referer: https://www.lagou.com/jobs/list_python%E7%88%AC%E8%99%AB?labelWords=sug&fromSearch=true&suginput=python)
2018-07-04 16:20:02 [scrapy.core.engine] DEBUG: Crawled (200) <POST https://www.lagou.com/jobs/positionAjax.json?city=%E5%8C%97%E4%BA%AC&needAddtionalResult=false> (referer: https://www.lagou.com/jobs/list_python%E7%88%AC%E8%99%AB?labelWords=sug&fromSearch=true&suginput=python)
2018-07-04 16:20:02 [scrapy.core.engine] DEBUG: Crawled (200) <POST https://www.lagou.com/jobs/positionAjax.json?city=%E5%8C%97%E4%BA%AC&needAddtionalResult=false> (referer: https://www.lagou.com/jobs/list_python%E7%88%AC%E8%99%AB?labelWords=sug&fromSearch=true&suginput=python)
2018-07-04 16:20:02 [scrapy.core.engine] DEBUG: Crawled (200) <POST https://www.lagou.com/jobs/positionAjax.json?city=%E5%8C%97%E4%BA%AC&needAddtionalResult=false> (referer: https://www.lagou.com/jobs/list_python%E7%88%AC%E8%99%AB?labelWords=sug&fromSearch=true&suginput=python)
2018-07-04 16:20:02 [scrapy.core.engine] DEBUG: Crawled (200) <POST https://www.lagou.com/jobs/positionAjax.json?city=%E5%8C%97%E4%BA%AC&needAddtionalResult=false> (referer: https://www.lagou.com/jobs/list_python%E7%88%AC%E8%99%AB?labelWords=sug&fromSearch=true&suginput=python)
2018-07-04 16:20:02 [scrapy.core.engine] DEBUG: Crawled (200) <POST https://www.lagou.com/jobs/positionAjax.json?city=%E5%8C%97%E4%BA%AC&needAddtionalResult=false> (referer: https://www.lagou.com/jobs/list_python%E7%88%AC%E8%99%AB?labelWords=sug&fromSearch=true&suginput=python)
2018-07-04 16:20:02 [scrapy.core.engine] DEBUG: Crawled (200) <POST https://www.lagou.com/jobs/positionAjax.json?city=%E5%8C%97%E4%BA%AC&needAddtionalResult=false> (referer: https://www.lagou.com/jobs/list_python%E7%88%AC%E8%99%AB?labelWords=sug&fromSearch=true&suginput=python)
2018-07-04 16:20:02 [scrapy.core.engine] DEBUG: Crawled (200) <POST https://www.lagou.com/jobs/positionAjax.json?city=%E5%8C%97%E4%BA%AC&needAddtionalResult=false> (referer: https://www.lagou.com/jobs/list_python%E7%88%AC%E8%99%AB?labelWords=sug&fromSearch=true&suginput=python)
2018-07-04 16:20:02 [scrapy.core.engine] DEBUG: Crawled (200) <POST https://www.lagou.com/jobs/positionAjax.json?city=%E5%8C%97%E4%BA%AC&needAddtionalResult=false> (referer: https://www.lagou.com/jobs/list_python%E7%88%AC%E8%99%AB?labelWords=sug&fromSearch=true&suginput=python)
2018-07-04 16:20:02 [scrapy.core.engine] DEBUG: Crawled (200) <POST https://www.lagou.com/jobs/positionAjax.json?city=%E5%8C%97%E4%BA%AC&needAddtionalResult=false> (referer: https://www.lagou.com/jobs/list_python%E7%88%AC%E8%99%AB?labelWords=sug&fromSearch=true&suginput=python)
2018-07-04 16:20:02 [scrapy.core.engine] DEBUG: Crawled (200) <POST https://www.lagou.com/jobs/positionAjax.json?city=%E5%8C%97%E4%BA%AC&needAddtionalResult=false> (referer: https://www.lagou.com/jobs/list_python%E7%88%AC%E8%99%AB?labelWords=sug&fromSearch=true&suginput=python)
2018-07-04 16:20:02 [scrapy.core.engine] DEBUG: Crawled (200) <POST https://www.lagou.com/jobs/positionAjax.json?city=%E5%8C%97%E4%BA%AC&needAddtionalResult=false> (referer: https://www.lagou.com/jobs/list_python%E7%88%AC%E8%99%AB?labelWords=sug&fromSearch=true&suginput=python)
2018-07-04 16:20:03 [scrapy.core.engine] DEBUG: Crawled (200) <POST https://www.lagou.com/jobs/positionAjax.json?city=%E5%8C%97%E4%BA%AC&needAddtionalResult=false> (referer: https://www.lagou.com/jobs/list_python%E7%88%AC%E8%99%AB?labelWords=sug&fromSearch=true&suginput=python)
2018-07-04 16:20:03 [scrapy.core.scraper] DEBUG: Scraped from <200 https://www.lagou.com/jobs/positionAjax.json?city=%E5%8C%97%E4%BA%AC&needAddtionalResult=false>
{'city': '北京',
 'companyFullName': '北京步鼎方舟科技有限公司',
 'companyLabelList': [],
 'companySize': '150-500人',
 'createTime': '2018-07-04 10:29:31',
 'district': '海淀区,
 'education': '本科',
 'financeStage': 'C轮',
 'firstType': '开发/测试/运维类',
 'formatCreateTime': '10:29发布',
 'industryLables': [],
 'jobNature': '全职',
 'lastLogin': 1530688706000,
 'linestaion': '10号线_苏州街;10号线_长春桥;10号线_火器营',
 'positionAdvantage': '带薪年假、五险一金、一日三餐、定期体检',
 'positionName': 'Python架构师',
 'salary': '30k-60k',
 'url': 'https://www.lagou.com/jobs/2696205.html',
 'workYear': '5-10年'}
2018-07-04 16:20:03 [scrapy.core.scraper] DEBUG: Scraped from <200 https://www.lagou.com/jobs/positionAjax.json?city=%E5%8C%97%E4%BA%AC&needAddtionalResult=false>
{'city': '北京',
 'companyFullName': '北京慕华信息科技有限公司',
 'companyLabelList': ['节日礼物', '股票期权', '带薪年假', '氛围轻松'],
 'companySize': '150-500人',
 'createTime': '2018-07-04 09:18:46',
 'district': '海淀区',
 'education': '本科',
 'financeStage': 'B轮',
 'firstType': '开发/测试/运维类',
 'formatCreateTime': '09:18发布',
 'industryLables': [],
 'jobNature': '全职',
 'lastLogin': 1530667106000,
 'linestaion': '4号线大兴线_北京大学东门;13号线_五道口;15号线_清华东路西口',
 'positionAdvantage': '五险一金,绩效奖金,免费早餐,交补餐补',
 'positionName': 'Python工程师',
 'salary': '15k-25k',
 'url': 'https://www.lagou.com/jobs/4548105.html',
 'workYear': '3-5年'}
2018-07-04 16:20:03 [scrapy.core.scraper] DEBUG: Scraped from <200 https://www.lagou.com/jobs/positionAjax.json?city=%E5%8C%97%E4%BA%AC&needAddtionalResult=false>
{'city': '北京',
 'companyFullName': '北京旷视科技有限公司',
 'companyLabelList': ['科技大牛公司', '自助三餐', '年终多薪', '超长带薪假期'],
 'companySize': '500-2000人',
 'createTime': '2018-07-03 15:06:15',
 'district': '海淀区',
 'education': '本科',
 'financeStage': 'C轮',
 'firstType': '开发/测试/运维类',
 'formatCreateTime': '1天前发布',
 'industryLables': [],
 'jobNature': '全职',
 'lastLogin': 1530687026000,
 'linestaion': '4号线大兴线_海淀黄庄;4号线大兴线_中关村;4号线大兴线_北京大学东门;10号线_海淀黄庄;10号线_知春里;10号线_知春路;13号线_知春路;13号线_五道口',
 'positionAdvantage': '大牛多',
 'positionName': 'Python后端工程师',
 'salary': '25k-50k',
 'url': 'https://www.lagou.com/jobs/4089386.html',
 'workYear': '3-5年'}
2018-07-04 16:20:03 [scrapy.core.scraper] DEBUG: Scraped from <200 https://www.lagou.com/jobs/positionAjax.json?city=%E5%8C%97%E4%BA%AC&needAddtionalResult=false>
{'city': '北京',
 'companyFullName': '深圳市金证科技股份有限公司',
 'companyLabelList': ['激情的团队', '股票期权', '努力变大牛', '有舞台给您跳'],
 'companySize': '2000人以上',
 'createTime': '2018-07-04 10:19:57',
 'district': '朝阳区',
 'education': '大专',
 'financeStage': '上市公司',
 'firstType': '开发/测试/运维类',
 'formatCreateTime': '10:19发布',
 'industryLables': [],
 'jobNature': '全职',
 'lastLogin': 1530686490000,
 'linestaion': '10号线_三元桥;10号线_亮马桥;10号线_农业展览馆;14号线东段_枣营;机场线_三元桥',
 'positionAdvantage': '上市公司,项目大,福利多多,周末双休',
 'positionName': 'python开发',
 'salary': '10k-15k',
 'url': 'https://www.lagou.com/jobs/4626303.html',
 'workYear': '3-5年'}
2018-07-04 16:20:03 [scrapy.core.scraper] DEBUG: Scraped from <200 https://www.lagou.com/jobs/positionAjax.json?city=%E5%8C%97%E4%BA%AC&needAddtionalResult=false>
{'city': '北京',
 'companyFullName': '北京字节跳动科技有限公司',
 'companyLabelList': ['扁平管理', '弹性工作', '大厨定制三餐', '就近租房补贴'],
 'companySize': '2000人以上',
 'createTime': '2018-07-04 15:06:35',
 'district': '海淀区',
 'education': '本科',
 'financeStage': 'C轮',
 'firstType': '开发/测试/运维类',
 'formatCreateTime': '15:06发布',
 'industryLables': [],
 'jobNature': '全职',
 'lastLogin': 1530688003000,
 'linestaion': None,
 'positionAdvantage': '六险一金，高薪期权，弹性工作，免费三餐，租房补贴，休闲下午茶，扁平管理，团队氛围好，优厚薪资',
 'positionName': '高级python工程师',
 'salary': '40k-60k',
 'url': 'https://www.lagou.com/jobs/4763096.html',
 'workYear': '3-5年'}
2018-07-04 16:20:03 [scrapy.core.scraper] DEBUG: Scraped from <200 https://www.lagou.com/jobs/positionAjax.json?city=%E5%8C%97%E4%BA%AC&needAddtionalResult=false>
{'city': '北京',
 'companyFullName': '北京中公教育科技股份有限公司',
 'companyLabelList': ['五险一金', '年终奖金', '绩效奖金', '岗位晋升'],
 'companySize': '2000人以上',
 'createTime': '2018-07-03 09:23:53',
 'district': '海淀区',
 'education': '本科',
 'financeStage': '未融资',
 'firstType': '开发/测试/运维类',
 'formatCreateTime': '1天前发布',
 'industryLables': ['教育', '直播', '大数据', 'Java'],
 'jobNature': '全职',
 'lastLogin': 1530688840000,
 'linestaion': '15号线_六道口',
 'positionAdvantage': '五险一金,补助',
 'positionName': 'Python讲师',
 'salary': '20k-30k',
 'url': 'https://www.lagou.com/jobs/4100164.html',
 'workYear': '3-5年'}
2018-07-04 16:20:03 [scrapy.core.scraper] DEBUG: Scraped from <200 https://www.lagou.com/jobs/positionAjax.json?city=%E5%8C%97%E4%BA%AC&needAddtionalResult=false>
{'city': '北京',
 'companyFullName': '锐波（北京）科技有限公司',
 'companyLabelList': ['股票期权', '扁平管理', '美女多', '五险一金'],
 'companySize': '150-500人',
 'createTime': '2018-07-03 14:08:21',
 'district': '海淀区',
 'education': '本科',
 'financeStage': '不需要融资',
 'firstType': '开发/测试/运维类',
 'formatCreateTime': '1天前发布',
 'industryLables': [],
 'jobNature': '全职',
 'lastLogin': 1530688900000,
 'linestaion': None,
 'positionAdvantage': '核心产品,团队氛围好,区块链应用,奖金多',
 'positionName': '高级python工程师',
 'salary': '25k-40k',
 'url': 'https://www.lagou.com/jobs/4223932.html',
 'workYear': '3-5年'}
2018-07-04 16:20:03 [scrapy.core.scraper] DEBUG: Scraped from <200 https://www.lagou.com/jobs/positionAjax.json?city=%E5%8C%97%E4%BA%AC&needAddtionalResult=false>
{'city': '北京',
 'companyFullName': '北京瀚海星云科技有限公司',
 'companyLabelList': [],
 'companySize': '15-50人',
 'createTime': '2018-07-04 11:05:52',
 'district': '朝阳区',
 'education': '本科',
 'financeStage': '天使轮',
 'firstType': '开发/测试/运维类',
 'formatCreateTime': '11:05发布',
 'industryLables': [],
 'jobNature': '全职',
 'lastLogin': 1530674592000,
 'linestaion': '14号线东段_望京;14号线东段_阜通;14号线东段_望京南;15号线_望京',
 'positionAdvantage': 'AI最前沿,技术领先,科技创新,全额福利',
 'positionName': '高级Python工程师',
 'salary': '20k-40k',
 'url': 'https://www.lagou.com/jobs/4586080.html',
 'workYear': '3-5年'}
2018-07-04 16:20:03 [scrapy.core.scraper] DEBUG: Scraped from <200 https://www.lagou.com/jobs/positionAjax.json?city=%E5%8C%97%E4%BA%AC&needAddtionalResult=false>
{'city': '北京',
 'companyFullName': '北京九州云动科技有限公司',
 'companyLabelList': ['技能培训', '专项奖金', '带薪年假', '绩效奖金'],
 'companySize': '50-150人',
 'createTime': '2018-07-04 10:05:48',
 'district': '东城区',
 'education': '本科',
 'financeStage': 'C轮',
 'firstType': '开发/测试/运维类',
 'formatCreateTime': '10:05发布',
 'industryLables': [],
 'jobNature': '全职',
 'lastLogin': 1530686497000,
 'linestaion': '2号线_安定门;2号线_雍和宫;5号线_北新桥;5号线_雍和宫;5号线_和平里北街',
 'positionAdvantage': '百万Dau,多语言,千万流量,免费3餐',
 'positionName': '高级 Python 开发工程师',
 'salary': '15k-30k',
 'url': 'https://www.lagou.com/jobs/4513155.html',
 'workYear': '不限'}
2018-07-04 16:20:03 [scrapy.core.scraper] DEBUG: Scraped from <200 https://www.lagou.com/jobs/positionAjax.json?city=%E5%8C%97%E4%BA%AC&needAddtionalResult=false>
{'city': '北京',
 'companyFullName': '北京千锋互联科技有限公司',
 'companyLabelList': ['节日礼物', '专项奖金', '股票期权', '带薪年假'],
 'companySize': '500-2000人',
 'createTime': '2018-07-04 10:25:10',
 'district': '海淀区',
 'education': '本科',
 'financeStage': 'A轮',
 'firstType': '开发/测试/运维类',
 'formatCreateTime': '10:25发布',
 'industryLables': ['云计算', '总监', '资深', 'Java'],
 'jobNature': '全职',
 'lastLogin': 1530687495000,
 'linestaion': '8号线_永泰庄',
 'positionAdvantage': '五险一金,绩效奖金',
 'positionName': 'Python讲师',
 'salary': '20k-40k',
 'url': 'https://www.lagou.com/jobs/3114519.html',
 'workYear': '3-5年'}
2018-07-04 16:20:03 [scrapy.core.scraper] DEBUG: Scraped from <200 https://www.lagou.com/jobs/positionAjax.json?city=%E5%8C%97%E4%BA%AC&needAddtionalResult=false>
{'city': '北京',
 'companyFullName': '北京东方金信科技有限公司',
 'companyLabelList': ['年底双薪', '股票期权', '带薪年假', '年度旅游'],
 'companySize': '50-150人',
 'createTime': '2018-07-04 10:07:34',
 'district': '海淀区',
 'education': '本科',
 'financeStage': 'A轮',
 'firstType': '开发/测试/运维类',
 'formatCreateTime': '10:07发布',
 'industryLables': [],
 'jobNature': '全职',
 'lastLogin': 1530669898000,
 'linestaion': None,
 'positionAdvantage': '五险一金、福利补贴',
 'positionName': 'Python开发工程师',
 'salary': '8k-12k',
 'url': 'https://www.lagou.com/jobs/1333636.html',
 'workYear': '3-5年'}
2018-07-04 16:20:03 [scrapy.core.scraper] DEBUG: Scraped from <200 https://www.lagou.com/jobs/positionAjax.json?city=%E5%8C%97%E4%BA%AC&needAddtionalResult=false>
{'city': '北京',
 'companyFullName': '北京快松果科技有限公司',
 'companyLabelList': ['年底双薪', '股票期权', '带薪年假', '年度旅游'],
 'companySize': '150-500人',
 'createTime': '2018-07-03 20:53:08',
 'district': '朝阳区',
 'education': '本科',
 'financeStage': 'C轮',
 'firstType': '开发/测试/运维类',
 'formatCreateTime': '1天前发布',
 'industryLables': [],
 'jobNature': '全职',
 'lastLogin': 1530688443000,
 'linestaion': '8号线_奥林匹克公园;8号线_森林公园南门;15号线_奥林匹克公园',
 'positionAdvantage': '大牛多,快速发展期,业务好,17薪',
 'positionName': '高级Python开发工程师',
 'salary': '30k-45k',
 'url': 'https://www.lagou.com/jobs/4661724.html',
 'workYear': '3-5年'}
2018-07-04 16:20:03 [scrapy.core.scraper] DEBUG: Scraped from <200 https://www.lagou.com/jobs/positionAjax.json?city=%E5%8C%97%E4%BA%AC&needAddtionalResult=false>
{'city': '北京',
 'companyFullName': '苏州锦佰安信息技术有限公司',
 'companyLabelList': ['股票期权', '弹性工作', '带薪年假', '绩效奖金'],
 'companySize': '15-50人',
 'createTime': '2018-07-02 09:16:16',
 'district': '海淀区',
 'education': '本科',
 'financeStage': '天使轮',
 'firstType': '开发/测试/运维类',
 'formatCreateTime': '2天前发布',
 'industryLables': [],
 'jobNature': '全职',
 'lastLogin': 1530669350000,
 'linestaion': '13号线_上地',
 'positionAdvantage': '人工智能,前景广阔,福利齐全,技术领先',
 'positionName': 'Python开发工程师',
 'salary': '15k-30k',
 'url': 'https://www.lagou.com/jobs/4719864.html',
 'workYear': '3-5年'}
2018-07-04 16:20:03 [scrapy.core.scraper] DEBUG: Scraped from <200 https://www.lagou.com/jobs/positionAjax.json?city=%E5%8C%97%E4%BA%AC&needAddtionalResult=false>
{'city': '北京',
 'companyFullName': '北京什格网络科技有限公司',
 'companyLabelList': ['""'],
 'companySize': '15-50人',
 'createTime': '2018-07-03 14:17:25',
 'district': '朝阳区',
 'education': '本科',
 'financeStage': '天使轮',
 'firstType': '开发/测试/运维类',
 'formatCreateTime': '1天前发布',
 'industryLables': ['视频', '高级', '中级', '后端开发', 'C++'],
 'jobNature': '全职',
 'lastLogin': 1530583404000,
 'linestaion': '6号线_呼家楼;6号线_东大桥;10号线_农业展览馆;10号线_团结湖;10号线_呼家楼',
 'positionAdvantage': '五险一金,弹性工作制,绩效奖金,零食福利多',
 'positionName': 'python工程师',
 'salary': '15k-25k',
 'url': 'https://www.lagou.com/jobs/4565803.html',
 'workYear': '1-3年'}
2018-07-04 16:20:03 [scrapy.core.scraper] DEBUG: Scraped from <200 https://www.lagou.com/jobs/positionAjax.json?city=%E5%8C%97%E4%BA%AC&needAddtionalResult=false>
{'city': '北京',
 'companyFullName': '北京好巧国际旅行社有限公司',
 'companyLabelList': ['五险一金', '弹性工作', '扁平管理', '百万医疗'],
 'companySize': '150-500人',
 'createTime': '2018-07-03 09:43:01',
 'district': '朝阳区',
 'education': '本科',
 'financeStage': 'B轮',
 'firstType': '开发/测试/运维类',
 'formatCreateTime': '1天前发布',
 'industryLables': [],
 'jobNature': '全职',
 'lastLogin': 1530688956000,
 'linestaion': '5号线_和平西桥;5号线_惠新西街南口;8号线_安华桥;8号线_北土城;10号线_北土城;10号线_安贞门;10号线_惠新西街南口',
 'positionAdvantage': '六险一金,弹性不打卡,股票期权,B+轮融资',
 'positionName': 'python高级工程师',
 'salary': '25k-35k',
 'url': 'https://www.lagou.com/jobs/2710558.html',
 'workYear': '5-10年'}
2018-07-04 16:20:03 [scrapy.core.scraper] DEBUG: Scraped from <200 https://www.lagou.com/jobs/positionAjax.json?city=%E5%8C%97%E4%BA%AC&needAddtionalResult=false>
{'city': '北京',
 'companyFullName': '车好多旧机动车经纪(北京)有限公司',
 'companyLabelList': ['带薪年假', '弹性工作', '免费班车', '美女多'],
 'companySize': '2000人以上',
 'createTime': '2018-07-04 11:02:34',
 'district': '海淀区',
 'education': '本科',
 'financeStage': 'C轮',
 'firstType': '开发/测试/运维类',
 'formatCreateTime': '11:02发布',
 'industryLables': [],
 'jobNature': '全职',
 'lastLogin': 1530673342000,
 'linestaion': None,
 'positionAdvantage': '发展空间大 团队氛围好 核心技术团队',
 'positionName': 'Python运维开发',
 'salary': '15k-30k',
 'url': 'https://www.lagou.com/jobs/3532741.html',
 'workYear': '3-5年'}
2018-07-04 16:20:03 [scrapy.core.scraper] DEBUG: Scraped from <200 https://www.lagou.com/jobs/positionAjax.json?city=%E5%8C%97%E4%BA%AC&needAddtionalResult=false>
{'city': '北京',
 'companyFullName': '北京天润融通科技有限公司',
 'companyLabelList': ['五险一金', '带薪年假', '免费班车', '领导好'],
 'companySize': '150-500人',
 'createTime': '2018-07-04 09:22:50',
 'district': '大兴区',
 'education': '本科',
 'financeStage': '不需要融资',
 'firstType': '开发/测试/运维类',
 'formatCreateTime': '09:22发布',
 'industryLables': [],
 'jobNature': '全职',
 'lastLogin': 1530686985000,
 'linestaion': None,
 'positionAdvantage': '三板上市,班车接送,扁平化管理,交流提升',
 'positionName': 'Python架构师',
 'salary': '25k-40k',
 'url': 'https://www.lagou.com/jobs/4764287.html',
 'workYear': '5-10年'}
2018-07-04 16:20:03 [scrapy.core.scraper] DEBUG: Scraped from <200 https://www.lagou.com/jobs/positionAjax.json?city=%E5%8C%97%E4%BA%AC&needAddtionalResult=false>
{'city': '北京',
 'companyFullName': '百融金融信息服务股份有限公司',
 'companyLabelList': ['技能培训', '股票期权', '带薪年假', '定期体检'],
 'companySize': '500-2000人',
 'createTime': '2018-07-04 13:47:24',
 'district': '海淀区',
 'education': '本科',
 'financeStage': 'B轮',
 'firstType': '开发/测试/运维类',
 'formatCreateTime': '13:47发布',
 'industryLables': [],
 'jobNature': '全职',
 'lastLogin': 1530685087000,
 'linestaion': None,
 'positionAdvantage': '六险一金',
 'positionName': '高级python开发工程师',
 'salary': '20k-30k',
 'url': 'https://www.lagou.com/jobs/4317425.html',
 'workYear': '3-5年'}
2018-07-04 16:20:03 [scrapy.core.scraper] DEBUG: Scraped from <200 https://www.lagou.com/jobs/positionAjax.json?city=%E5%8C%97%E4%BA%AC&needAddtionalResult=false>
{'city': '北京',
 'companyFullName': '北京字节跳动科技有限公司',
 'companyLabelList': ['扁平管理', '弹性工作', '大厨定制三餐', '就近租房补贴'],
 'companySize': '2000人以上',
 'createTime': '2018-07-04 00:01:40',
 'district': '海淀区',
 'education': '本科',
 'financeStage': 'C轮',
 'firstType': '开发/测试/运维类',
 'formatCreateTime': '00:01发布',
 'industryLables': [],
 'jobNature': '全职',
 'lastLogin': 1530688167000,
 'linestaion': None,
 'positionAdvantage': '六险一金，弹性工作，免费三餐，租房补贴，带薪休假，休闲下午茶，扁平管理，健身瑜伽，过亿用户，职业大牛，晋升空间，团队氛围好，优厚薪资',
 'positionName': 'Python开发工程师-变现业务',
 'salary': '25k-40k',
 'url': 'https://www.lagou.com/jobs/4775802.html',
 'workYear': '1-3年'}
2018-07-04 16:20:03 [scrapy.core.scraper] DEBUG: Scraped from <200 https://www.lagou.com/jobs/positionAjax.json?city=%E5%8C%97%E4%BA%AC&needAddtionalResult=false>
{'city': '北京',
 'companyFullName': '北京天锋网络科技有限公司',
 'companyLabelList': ['专项奖金', '带薪年假', '岗位晋升', '年度旅游'],
 'companySize': '150-500人',
 'createTime': '2018-07-03 18:24:53',
 'district': '朝阳区',
 'education': '本科',
 'financeStage': 'C轮',
 'firstType': '开发/测试/运维类',
 'formatCreateTime': '1天前发布',
 'industryLables': ['游戏', '数据分析'],
 'jobNature': '全职',
 'lastLogin': 1530670767000,
 'linestaion': '14号线东段_来广营;14号线东段_东湖渠',
 'positionAdvantage': '项目奖金,带薪假期多,无限下午茶,扁平管理',
 'positionName': 'Python开发工程师',
 'salary': '15k-25k',
 'url': 'https://www.lagou.com/jobs/4785100.html',
 'workYear': '5-10年'}
2018-07-04 16:20:03 [scrapy.core.scraper] DEBUG: Scraped from <200 https://www.lagou.com/jobs/positionAjax.json?city=%E5%8C%97%E4%BA%AC&needAddtionalResult=false>
{'city': '北京',
 'companyFullName': '北京智分科技有限公司',
 'companyLabelList': ['年底双薪', '免费两餐', 'Geek范', '免费健身'],
 'companySize': '50-150人',
 'createTime': '2018-07-04 10:20:04',
 'district': '海淀区',
 'education': '本科',
 'financeStage': '不需要融资',
 'firstType': '开发/测试/运维类',
 'formatCreateTime': '10:20发布',
 'industryLables': [],
 'jobNature': '全职',
 'lastLogin': 1530686020000,
 'linestaion': '10号线_知春路;10号线_西土城;13号线_大钟寺;13号线_知春路',
 'positionAdvantage': '清华系,Geek范,年底多薪,股票期权',
 'positionName': 'Python爬虫工程师',
 'salary': '20k-40k',
 'url': 'https://www.lagou.com/jobs/4031217.html',
 'workYear': '1-3年'}
2018-07-04 16:20:03 [scrapy.core.scraper] DEBUG: Scraped from <200 https://www.lagou.com/jobs/positionAjax.json?city=%E5%8C%97%E4%BA%AC&needAddtionalResult=false>
{'city': '北京',
 'companyFullName': '北京旷视科技有限公司',
 'companyLabelList': ['科技大牛公司', '自助三餐', '年终多薪', '超长带薪假期'],
 'companySize': '500-2000人',
 'createTime': '2018-07-03 15:06:15',
 'district': '海淀区',
 'education': '本科',
 'financeStage': 'C轮',
 'firstType': '开发/测试/运维类',
 'formatCreateTime': '1天前发布',
 'industryLables': [],
 'jobNature': '全职',
 'lastLogin': 1530687026000,
 'linestaion': '4号线大兴线_海淀黄庄;4号线大兴线_中关村;4号线大兴线_北京大学东门;10号线_海淀黄庄;10号线_知春里;10号线_知春路;13号线_知春路;13号线_五道口',
 'positionAdvantage': '大牛多',
 'positionName': '高级Python后端工程师',
 'salary': '25k-50k',
 'url': 'https://www.lagou.com/jobs/4089385.html',
 'workYear': '3-5年'}
2018-07-04 16:20:03 [scrapy.core.scraper] DEBUG: Scraped from <200 https://www.lagou.com/jobs/positionAjax.json?city=%E5%8C%97%E4%BA%AC&needAddtionalResult=false>
{'city': '北京',
 'companyFullName': '北京汇行科技有限公司',
 'companyLabelList': ['股票期权', '十四薪', '零食饮料水果', '团队氛围好'],
 'companySize': '150-500人',
 'createTime': '2018-06-27 18:08:01',
 'district': '东城区',
 'education': '本科',
 'financeStage': 'B轮',
 'firstType': '开发/测试/运维类',
 'formatCreateTime': '2018-06-27',
 'industryLables': ['信息安全', '项目管理', 'Java'],
 'jobNature': '全职',
 'lastLogin': 1530685498000,
 'linestaion': '2号线_安定门;2号线_雍和宫;5号线_北新桥;5号线_雍和宫;5号线_和平里北街',
 'positionAdvantage': '包三餐,氛围好,大牛带队',
 'positionName': 'Python技术主管',
 'salary': '15k-30k',
 'url': 'https://www.lagou.com/jobs/4781646.html',
 'workYear': '3-5年'}
2018-07-04 16:20:03 [scrapy.core.scraper] DEBUG: Scraped from <200 https://www.lagou.com/jobs/positionAjax.json?city=%E5%8C%97%E4%BA%AC&needAddtionalResult=false>
{'city': '北京',
 'companyFullName': '慧影医疗科技（北京）有限公司',
 'companyLabelList': ['技能培训', '股票期权', '岗位晋升', '弹性工作'],
 'companySize': '50-150人',
 'createTime': '2018-07-03 14:03:33',
 'district': '海淀区',
 'education': '本科',
 'financeStage': 'B轮',
 'firstType': '开发/测试/运维类',
 'formatCreateTime': '1天前发布',
 'industryLables': ['信息安全', 'php'],
 'jobNature': '全职',
 'lastLogin': 1530685476000,
 'linestaion': '8号线_永泰庄;8号线_西小口',
 'positionAdvantage': '弹性工作,七险一金,十三薪',
 'positionName': 'python工程师',
 'salary': '15k-25k',
 'url': 'https://www.lagou.com/jobs/4520956.html',
 'workYear': '3-5年'}
2018-07-04 16:20:03 [scrapy.core.scraper] DEBUG: Scraped from <200 https://www.lagou.com/jobs/positionAjax.json?city=%E5%8C%97%E4%BA%AC&needAddtionalResult=false>
{'city': '北京',
 'companyFullName': '北京七彩焕腾科技有限公司',
 'companyLabelList': ['年底双薪', '专项奖金', '午餐补助', '美女多'],
 'companySize': '50-150人',
 'createTime': '2018-07-02 16:22:58',
 'district': '朝阳区',
 'education': '本科',
 'financeStage': 'B轮',
 'firstType': '开发/测试/运维类',
 'formatCreateTime': '2天前发布',
 'industryLables': [],
 'jobNature': '全职',
 'lastLogin': 1530687308000,
 'linestaion': '1号线_大望路;1号线_四惠;6号线_十里堡;6号线_金台路;14号线东段_金台路;14号线东段_大望路',
 'positionAdvantage': '平台产品炫,BAT团队,办公环境优',
 'positionName': '高级Python开发工程师',
 'salary': '22k-30k',
 'url': 'https://www.lagou.com/jobs/4709008.html',
 'workYear': '5-10年'}
2018-07-04 16:20:03 [scrapy.core.scraper] DEBUG: Scraped from <200 https://www.lagou.com/jobs/positionAjax.json?city=%E5%8C%97%E4%BA%AC&needAddtionalResult=false>
{'city': '北京',
 'companyFullName': '北京博派通达科技有限公司',
 'companyLabelList': ['年底双薪', '股票期权', '专项奖金', '带薪年假'],
 'companySize': '50-150人',
 'createTime': '2018-07-04 14:01:10',
 'district': '朝阳区',
 'education': '不限',
 'financeStage': 'A轮',
 'firstType': '开发/测试/运维类',
 'formatCreateTime': '14:01发布',
 'industryLables': [],
 'jobNature': '全职',
 'lastLogin': 1530685457000,
 'linestaion': '5号线_和平西桥;5号线_惠新西街南口;5号线_惠新西街北口;10号线_安贞门;10号线_惠新西街南口;10号线_芍药居;13号线_芍药居;13号线_光熙门',
 'positionAdvantage': '福利多多,环境好,年终奖',
 'positionName': 'Python爬虫工程师',
 'salary': '15k-30k',
 'url': 'https://www.lagou.com/jobs/4562959.html',
 'workYear': '3-5年'}
2018-07-04 16:20:03 [scrapy.core.scraper] DEBUG: Scraped from <200 https://www.lagou.com/jobs/positionAjax.json?city=%E5%8C%97%E4%BA%AC&needAddtionalResult=false>
{'city': '北京',
 'companyFullName': '北京高思博乐教育科技股份有限公司',
 'companyLabelList': ['绩效奖金', '带薪年假', '专项奖金', '六险一金'],
 'companySize': '2000人以上',
 'createTime': '2018-07-04 08:55:15',
 'district': '海淀区',
 'education': '本科',
 'financeStage': '上市公司',
 'firstType': '开发/测试/运维类',
 'formatCreateTime': '08:55发布',
 'industryLables': [],
 'jobNature': '全职',
 'lastLogin': 1530683492000,
 'linestaion': None,
 'positionAdvantage': '牛人多,氛围好,加班少,领导棒',
 'positionName': 'Python爬虫工程师',
 'salary': '15k-25k',
 'url': 'https://www.lagou.com/jobs/4297218.html',
 'workYear': '3-5年'}
2018-07-04 16:20:03 [scrapy.core.scraper] DEBUG: Scraped from <200 https://www.lagou.com/jobs/positionAjax.json?city=%E5%8C%97%E4%BA%AC&needAddtionalResult=false>
{'city': '北京',
 'companyFullName': '深圳市麦达数字股份有限公司',
 'companyLabelList': ['股票期权', '绩效奖金', '带薪年假', '定期体检'],
 'companySize': '500-2000人',
 'createTime': '2018-07-04 09:58:55',
 'district': '朝阳区',
 'education': '本科',
 'financeStage': '上市公司',
 'firstType': '开发/测试/运维类',
 'formatCreateTime': '09:58发布',
 'industryLables': [],
 'jobNature': '全职',
 'lastLogin': 1530671019000,
 'linestaion': '15号线_望京东',
 'positionAdvantage': '上市公司,五险一金,薪酬福利好,发展空间大',
 'positionName': 'PYTHON研发工程师',
 'salary': '25k-35k',
 'url': 'https://www.lagou.com/jobs/3544853.html',
 'workYear': '3-5年'}
2018-07-04 16:20:03 [scrapy.core.scraper] DEBUG: Scraped from <200 https://www.lagou.com/jobs/positionAjax.json?city=%E5%8C%97%E4%BA%AC&needAddtionalResult=false>
{'city': '北京',
 'companyFullName': '掌阅科技股份有限公司',
 'companyLabelList': ['专项奖金', '带薪年假', '年度旅游', '扁平管理'],
 'companySize': '500-2000人',
 'createTime': '2018-07-03 09:18:07',
 'district': '朝阳区',
 'education': '本科',
 'financeStage': '上市公司',
 'firstType': '开发/测试/运维类',
 'formatCreateTime': '1天前发布',
 'industryLables': ['云计算', 'Java', '架构'],
 'jobNature': '全职',
 'lastLogin': 1530687297000,
 'linestaion': '1号线_四惠东;八通线_四惠东;八通线_高碑店',
 'positionAdvantage': '扁平化管理,福利待遇佳,学习氛围好,晋升空间大',
 'positionName': '高级Python研发工程师',
 'salary': '25k-35k',
 'url': 'https://www.lagou.com/jobs/2704328.html',
 'workYear': '3-5年'}
2018-07-04 16:20:03 [scrapy.core.scraper] DEBUG: Scraped from <200 https://www.lagou.com/jobs/positionAjax.json?city=%E5%8C%97%E4%BA%AC&needAddtionalResult=false>
{'city': '北京',
 'companyFullName': '上海微创软件股份有限公司',
 'companyLabelList': [],
 'companySize': '2000人以上',
 'createTime': '2018-07-04 14:39:03',
 'district': '海淀区',
 'education': '本科',
 'financeStage': '不需要融资',
 'firstType': '开发/测试/运维类',
 'formatCreateTime': '14:39发布',
 'industryLables': [],
 'jobNature': '全职',
 'lastLogin': 1530685031000,
 'linestaion': '13号线_西二旗;昌平线_西二旗',
 'positionAdvantage': '发表专利,人工智能,自然语言,大厂经验',
 'positionName': 'PYTHON开发工程师-赴百度',
 'salary': '10k-13k',
 'url': 'https://www.lagou.com/jobs/4809640.html',
 'workYear': '应届毕业生'}
2018-07-04 16:20:03 [scrapy.core.scraper] DEBUG: Scraped from <200 https://www.lagou.com/jobs/positionAjax.json?city=%E5%8C%97%E4%BA%AC&needAddtionalResult=false>
{'city': '北京',
 'companyFullName': '普信恒业科技发展（北京）有限公司',
 'companyLabelList': ['管理规范', '技能培训', '扁平管理', '弹性工作'],
 'companySize': '2000人以上',
 'createTime': '2018-07-04 13:28:34',
 'district': '朝阳区',
 'education': '本科',
 'financeStage': '上市公司',
 'firstType': '开发/测试/运维类',
 'formatCreateTime': '13:28发布',
 'industryLables': [],
 'jobNature': '全职',
 'lastLogin': 1530684228000,
 'linestaion': None,
 'positionAdvantage': '地铁周边,弹性工作,有餐补,平台大',
 'positionName': 'python后台开发工程师',
 'salary': '15k-25k',
 'url': 'https://www.lagou.com/jobs/4333746.html',
 'workYear': '3-5年'}
2018-07-04 16:20:03 [scrapy.core.scraper] DEBUG: Scraped from <200 https://www.lagou.com/jobs/positionAjax.json?city=%E5%8C%97%E4%BA%AC&needAddtionalResult=false>
{'city': '北京',
 'companyFullName': '广州小鹏汽车科技有限公司',
 'companyLabelList': [],
 'companySize': '150-500人',
 'createTime': '2018-06-28 22:41:53',
 'district': '海淀区',
 'education': '本科',
 'financeStage': 'A轮',
 'firstType': '开发/测试/运维类',
 'formatCreateTime': '2018-06-28',
 'industryLables': [],
 'jobNature': '全职',
 'lastLogin': 1530682482000,
 'linestaion': '4号线大兴线_中关村;4号线大兴线_北京大学东门;10号线_苏州街',
 'positionAdvantage': '交通补贴,午餐补贴,年底双薪',
 'positionName': 'Python爬虫工程师',
 'salary': '20k-30k',
 'url': 'https://www.lagou.com/jobs/4714553.html',
 'workYear': '3-5年'}
2018-07-04 16:20:03 [scrapy.core.scraper] DEBUG: Scraped from <200 https://www.lagou.com/jobs/positionAjax.json?city=%E5%8C%97%E4%BA%AC&needAddtionalResult=false>
{'city': '北京',
 'companyFullName': '北京币世界网络科技有限公司',
 'companyLabelList': [],
 'companySize': '50-150人',
 'createTime': '2018-07-02 15:51:09',
 'district': '朝阳区',
 'education': '本科',
 'financeStage': '天使轮',
 'firstType': '开发/测试/运维类',
 'formatCreateTime': '2天前发布',
 'industryLables': [],
 'jobNature': '全职',
 'lastLogin': 1530517209000,
 'linestaion': '15号线_望京东',
 'positionAdvantage': '五险一金,地铁周边,丰厚福利,超强团队',
 'positionName': 'Python高级爬虫工程师',
 'salary': '17k-32k',
 'url': 'https://www.lagou.com/jobs/4239350.html',
 'workYear': '3-5年'}
2018-07-04 16:20:03 [scrapy.core.scraper] DEBUG: Scraped from <200 https://www.lagou.com/jobs/positionAjax.json?city=%E5%8C%97%E4%BA%AC&needAddtionalResult=false>
{'city': '北京',
 'companyFullName': '北京闪银奇异科技有限公司',
 'companyLabelList': ['13~15薪', '晋升空间大', '定期体检', '能力定薪'],
 'companySize': '500-2000人',
 'createTime': '2018-07-02 15:23:39',
 'district': '朝阳区',
 'education': '本科',
 'financeStage': 'D轮及以上',
 'firstType': '开发/测试/运维类',
 'formatCreateTime': '2天前发布',
 'industryLables': [],
 'jobNature': '全职',
 'lastLogin': 1530673136000,
 'linestaion': None,
 'positionAdvantage': '业务发展快,技术氛围浓,福利好,上升空间大',
 'positionName': 'Python 中高级工程师',
 'salary': '25k-50k',
 'url': 'https://www.lagou.com/jobs/4195861.html',
 'workYear': '3-5年'}
2018-07-04 16:20:03 [scrapy.core.scraper] DEBUG: Scraped from <200 https://www.lagou.com/jobs/positionAjax.json?city=%E5%8C%97%E4%BA%AC&needAddtionalResult=false>
{'city': '北京',
 'companyFullName': '况客科技(北京)有限公司',
 'companyLabelList': ['定期体检', '午餐补助', '带薪年假', '绩效奖金'],
 'companySize': '15-50人',
 'createTime': '2018-06-07 16:41:56',
 'district': '朝阳区',
 'education': '本科',
 'financeStage': 'A轮',
 'firstType': '开发/测试/运维类',
 'formatCreateTime': '2018-06-07',
 'industryLables': [],
 'jobNature': '全职',
 'lastLogin': 1530502818000,
 'linestaion': '2号线_东四十条;2号线_朝阳门;6号线_东大桥;6号线_朝阳门',
 'positionAdvantage': '技术培养,能力提升,培养计划,福利好',
 'positionName': 'Python 工程师',
 'salary': '15k-30k',
 'url': 'https://www.lagou.com/jobs/4072563.html',
 'workYear': '1-3年'}
2018-07-04 16:20:03 [scrapy.core.scraper] DEBUG: Scraped from <200 https://www.lagou.com/jobs/positionAjax.json?city=%E5%8C%97%E4%BA%AC&needAddtionalResult=false>
{'city': '北京',
 'companyFullName': '北京水滴互联科技有限公司',
 'companyLabelList': ['网络互助', '医疗健康', '网络筹款', '互联网金融'],
 'companySize': '150-500人',
 'createTime': '2018-06-29 10:41:46',
 'district': '朝阳区',
 'education': '本科',
 'financeStage': 'A轮',
 'firstType': '开发/测试/运维类',
 'formatCreateTime': '2018-06-29',
 'industryLables': [],
 'jobNature': '全职',
 'lastLogin': 1530682818000,
 'linestaion': '14号线东段_来广营;14号线东段_东湖渠',
 'positionAdvantage': '试用期不打,年底奖金,五险一金,周末双休',
 'positionName': 'Python爬虫工程师',
 'salary': '15k-30k',
 'url': 'https://www.lagou.com/jobs/4728240.html',
 'workYear': '3-5年'}
2018-07-04 16:20:03 [scrapy.core.scraper] DEBUG: Scraped from <200 https://www.lagou.com/jobs/positionAjax.json?city=%E5%8C%97%E4%BA%AC&needAddtionalResult=false>
{'city': '北京',
 'companyFullName': '上海基分文化传播有限公司',
 'companyLabelList': ['专项奖金', '带薪年假', '弹性工作', '管理规范'],
 'companySize': '500-2000人',
 'createTime': '2018-07-02 15:30:06',
 'district': '海淀区',
 'education': '大专',
 'financeStage': '不需要融资',
 'firstType': '开发/测试/运维类',
 'formatCreateTime': '2天前发布',
 'industryLables': [],
 'jobNature': '全职',
 'lastLogin': 1530609172000,
 'linestaion': None,
 'positionAdvantage': '发展平台,空间大,氛围好,福利好',
 'positionName': 'Python爬虫工程师',
 'salary': '20k-40k',
 'url': 'https://www.lagou.com/jobs/4496089.html',
 'workYear': '3-5年'}
2018-07-04 16:20:03 [scrapy.core.scraper] DEBUG: Scraped from <200 https://www.lagou.com/jobs/positionAjax.json?city=%E5%8C%97%E4%BA%AC&needAddtionalResult=false>
{'city': '北京',
 'companyFullName': '北京磁力信科技有限公司',
 'companyLabelList': ['带薪年假', '成长基金', '定期体检', '午餐补助'],
 'companySize': '15-50人',
 'createTime': '2018-07-04 15:07:17',
 'district': '朝阳区',
 'education': '本科',
 'financeStage': '不需要融资',
 'firstType': '开发/测试/运维类',
 'formatCreateTime': '15:07发布',
 'industryLables': [],
 'jobNature': '全职',
 'lastLogin': 1530687423000,
 'linestaion': '14号线东段_将台',
 'positionAdvantage': '五险一金,住房补贴,带薪休假,周末双休',
 'positionName': 'Python开发工程师',
 'salary': '12k-24k',
 'url': 'https://www.lagou.com/jobs/4613250.html',
 'workYear': '3-5年'}
2018-07-04 16:20:03 [scrapy.core.scraper] DEBUG: Scraped from <200 https://www.lagou.com/jobs/positionAjax.json?city=%E5%8C%97%E4%BA%AC&needAddtionalResult=false>
{'city': '北京',
 'companyFullName': '北京中科模识科技有限公司',
 'companyLabelList': [],
 'companySize': '50-150人',
 'createTime': '2018-07-04 15:12:19',
 'district': '昌平区',
 'education': '本科',
 'financeStage': '未融资',
 'firstType': '开发/测试/运维类',
 'formatCreateTime': '15:12发布',
 'industryLables': [],
 'jobNature': '全职',
 'lastLogin': 1530688319000,
 'linestaion': '5号线_天通苑北',
 'positionAdvantage': '爬虫工程师',
 'positionName': 'python爬虫工程师',
 'salary': '6k-8k',
 'url': 'https://www.lagou.com/jobs/4736680.html',
 'workYear': '1-3年'}
2018-07-04 16:20:03 [scrapy.core.scraper] DEBUG: Scraped from <200 https://www.lagou.com/jobs/positionAjax.json?city=%E5%8C%97%E4%BA%AC&needAddtionalResult=false>
{'city': '北京',
 'companyFullName': '北京斯图飞腾科技有限公司',
 'companyLabelList': ['弹性工作', '扁平管理', '五险一金', '朝阳行业'],
 'companySize': '15-50人',
 'createTime': '2018-07-02 10:26:44',
 'district': '朝阳区',
 'education': '本科',
 'financeStage': 'A轮',
 'firstType': '开发/测试/运维类',
 'formatCreateTime': '2天前发布',
 'industryLables': [],
 'jobNature': '全职',
 'lastLogin': 1530685909000,
 'linestaion': '1号线_永安里;1号线_国贸;6号线_呼家楼;6号线_东大桥;10号线_呼家楼;10号线_金台夕照;10号线_国贸',
 'positionAdvantage': '顶尖团队,弹性工作,节日礼物,五险一金',
 'positionName': 'Python爬虫开发工程师',
 'salary': '10k-15k',
 'url': 'https://www.lagou.com/jobs/2585597.html',
 'workYear': '1-3年'}
2018-07-04 16:20:03 [scrapy.core.engine] DEBUG: Crawled (200) <POST https://www.lagou.com/jobs/positionAjax.json?city=%E5%8C%97%E4%BA%AC&needAddtionalResult=false> (referer: https://www.lagou.com/jobs/list_python%E7%88%AC%E8%99%AB?labelWords=sug&fromSearch=true&suginput=python)
2018-07-04 16:20:03 [scrapy.core.scraper] DEBUG: Scraped from <200 https://www.lagou.com/jobs/positionAjax.json?city=%E5%8C%97%E4%BA%AC&needAddtionalResult=false>
{'city': '北京',
 'companyFullName': '北京搜狐新媒体信息技术有限公司',
 'companyLabelList': ['节日礼物', '项目奖金', '弹性工作时间', '15天年假'],
 'companySize': '2000人以上',
 'createTime': '2018-07-03 11:47:44',
 'district': '海淀区',
 'education': '本科',
 'financeStage': '上市公司',
 'firstType': '开发/测试/运维类',
 'formatCreateTime': '1天前发布',
 'industryLables': [],
 'jobNature': '全职',
 'lastLogin': 1530688154000,
 'linestaion': '4号线大兴线_海淀黄庄;4号线大兴线_中关村;4号线大兴线_北京大学东门;10号线_海淀黄庄;10号线_知春里;10号线_知春路;13号线_知春路',
 'positionAdvantage': '技术氛围好',
 'positionName': 'python爬虫开发',
 'salary': '20k-35k',
 'url': 'https://www.lagou.com/jobs/4444723.html',
 'workYear': '不限'}
2018-07-04 16:20:03 [scrapy.core.scraper] DEBUG: Scraped from <200 https://www.lagou.com/jobs/positionAjax.json?city=%E5%8C%97%E4%BA%AC&needAddtionalResult=false>
{'city': '北京',
 'companyFullName': '江苏曲速教育科技有限公司',
 'companyLabelList': ['年底双薪', '股票期权', '绩效奖金', '带薪年假'],
 'companySize': '50-150人',
 'createTime': '2018-07-02 11:26:58',
 'district': '朝阳区',
 'education': '本科',
 'financeStage': '天使轮',
 'firstType': '开发/测试/运维类',
 'formatCreateTime': '2天前发布',
 'industryLables': [],
 'jobNature': '全职',
 'lastLogin': 1530686025000,
 'linestaion': '10号线_三元桥;10号线_亮马桥;机场线_三元桥',
 'positionAdvantage': '五险一金,弹性工作,下午茶,团建',
 'positionName': 'python爬虫工程师',
 'salary': '10k-16k',
 'url': 'https://www.lagou.com/jobs/3893105.html',
 'workYear': '1-3年'}
2018-07-04 16:20:03 [scrapy.core.scraper] DEBUG: Scraped from <200 https://www.lagou.com/jobs/positionAjax.json?city=%E5%8C%97%E4%BA%AC&needAddtionalResult=false>
{'city': '北京',
 'companyFullName': '北京来也网络科技有限公司',
 'companyLabelList': ['绩效奖金', '扁平管理', '领导好', '五险一金'],
 'companySize': '50-150人',
 'createTime': '2018-07-03 17:24:11',
 'district': '海淀区',
 'education': '本科',
 'financeStage': 'B轮',
 'firstType': '开发/测试/运维类',
 'formatCreateTime': '1天前发布',
 'industryLables': [],
 'jobNature': '全职',
 'lastLogin': 1530686926000,
 'linestaion': '4号线大兴线_海淀黄庄;4号线大兴线_中关村;4号线大兴线_北京大学东门;10号线_海淀黄庄;10号线_知春里;13号线_五道口',
 'positionAdvantage': '人工智能,弹性工作,扁平管理,技术牛人',
 'positionName': 'Python开发工程师',
 'salary': '15k-30k',
 'url': 'https://www.lagou.com/jobs/3362415.html',
 'workYear': '1-3年'}
2018-07-04 16:20:03 [scrapy.core.scraper] DEBUG: Scraped from <200 https://www.lagou.com/jobs/positionAjax.json?city=%E5%8C%97%E4%BA%AC&needAddtionalResult=false>
{'city': '北京',
 'companyFullName': '北京有路前行科技发展有限公司',
 'companyLabelList': ['五险一金', '岗位晋升', '股票期权', '带薪年假'],
 'companySize': '50-150人',
 'createTime': '2018-07-02 10:54:44',
 'district': '朝阳区',
 'education': '本科',
 'financeStage': 'A轮',
 'firstType': '开发/测试/运维类',
 'formatCreateTime': '2天前发布',
 'industryLables': [],
 'jobNature': '全职',
 'lastLogin': 1530675028000,
 'linestaion': '1号线_永安里;1号线_国贸;6号线_呼家楼;6号线_东大桥;10号线_呼家楼;10号线_金台夕照;10号线_国贸',
 'positionAdvantage': '扁平化,国际化,晋升快,氛围棒',
 'positionName': 'python 爬虫开发工程师',
 'salary': '10k-20k',
 'url': 'https://www.lagou.com/jobs/4755847.html',
 'workYear': '1-3年'}
2018-07-04 16:20:03 [scrapy.core.scraper] DEBUG: Scraped from <200 https://www.lagou.com/jobs/positionAjax.json?city=%E5%8C%97%E4%BA%AC&needAddtionalResult=false>
{'city': '北京',
 'companyFullName': '北京传智播客教育科技有限公司',
 'companyLabelList': ['技能培训', '绩效奖金', '年度旅游', '岗位晋升'],
 'companySize': '500-2000人',
 'createTime': '2018-07-03 09:39:15',
 'district': '昌平区',
 'education': '大专',
 'financeStage': 'C轮',
 'firstType': '开发/测试/运维类',
 'formatCreateTime': '1天前发布',
 'industryLables': [],
 'jobNature': '全职',
 'lastLogin': 1530687193000,
 'linestaion': '8号线_育新;13号线_回龙观',
 'positionAdvantage': '五险一金,各种补助,传智父母节,年终奖金',
 'positionName': 'python(爬虫方向)工程师(J11045)',
 'salary': '10k-20k',
 'url': 'https://www.lagou.com/jobs/4800492.html',
 'workYear': '1-3年'}
2018-07-04 16:20:03 [scrapy.core.scraper] DEBUG: Scraped from <200 https://www.lagou.com/jobs/positionAjax.json?city=%E5%8C%97%E4%BA%AC&needAddtionalResult=false>
{'city': '北京',
 'companyFullName': '北京旷视科技有限公司',
 'companyLabelList': ['科技大牛公司', '自助三餐', '年终多薪', '超长带薪假期'],
 'companySize': '500-2000人',
 'createTime': '2018-07-03 15:06:15',
 'district': '海淀区',
 'education': '本科',
 'financeStage': 'C轮',
 'firstType': '开发/测试/运维类',
 'formatCreateTime': '1天前发布',
 'industryLables': [],
 'jobNature': '全职',
 'lastLogin': 1530687026000,
 'linestaion': None,
 'positionAdvantage': '人工智能,黑科技,大牛多',
 'positionName': 'Python 高级开发工程师',
 'salary': '20k-40k',
 'url': 'https://www.lagou.com/jobs/3164507.html',
 'workYear': '3-5年'}
2018-07-04 16:20:03 [scrapy.core.scraper] DEBUG: Scraped from <200 https://www.lagou.com/jobs/positionAjax.json?city=%E5%8C%97%E4%BA%AC&needAddtionalResult=false>
{'city': '北京',
 'companyFullName': '北京步鼎方舟科技有限公司',
 'companyLabelList': [],
 'companySize': '150-500人',
 'createTime': '2018-07-04 10:29:31',
 'district': '海淀区',
 'education': '本科',
 'financeStage': 'C轮',
 'firstType': '开发/测试/运维类',
 'formatCreateTime': '10:29发布',
 'industryLables': [],
 'jobNature': '全职',
 'lastLogin': 1530688706000,
 'linestaion': '10号线_苏州街;10号线_长春桥;10号线_火器营',
 'positionAdvantage': '一日三餐、带薪年假、弹性工作、六险一金',
 'positionName': 'Python高级开发工程师',
 'salary': '20k-30k',
 'url': 'https://www.lagou.com/jobs/2696329.html',
 'workYear': '3-5年'}
2018-07-04 16:20:03 [scrapy.core.scraper] DEBUG: Scraped from <200 https://www.lagou.com/jobs/positionAjax.json?city=%E5%8C%97%E4%BA%AC&needAddtionalResult=false>
{'city': '北京',
 'companyFullName': '北京慕华信息科技有限公司',
 'companyLabelList': ['节日礼物', '股票期权', '带薪年假', '氛围轻松'],
 'companySize': '150-500人',
 'createTime': '2018-07-04 09:19:05',
 'district': '海淀区',
 'education': '本科',
 'financeStage': 'B轮',
 'firstType': '开发/测试/运维类',
 'formatCreateTime': '09:19发布',
 'industryLables': [],
 'jobNature': '全职',
 'lastLogin': 1530687574000,
 'linestaion': '4号线大兴线_北京大学东门;13号线_五道口;15号线_清华东路西口',
 'positionAdvantage': '五险一金,餐补,生日会,优秀团队',
 'positionName': 'Python开发工程师',
 'salary': '20k-35k',
 'url': 'https://www.lagou.com/jobs/3167076.html',
 'workYear': '3-5年'}
2018-07-04 16:20:03 [scrapy.core.scraper] DEBUG: Scraped from <200 https://www.lagou.com/jobs/positionAjax.json?city=%E5%8C%97%E4%BA%AC&needAddtionalResult=false>
{'city': '北京',
 'companyFullName': '任子行网络技术股份有限公司',
 'companyLabelList': ['年终奖金', '绩效奖金', '年度旅游', '美女多'],
 'companySize': '500-2000人',
 'createTime': '2018-07-04 10:24:31',
 'district': '海淀区',
 'education': '本科',
 'financeStage': '上市公司',
 'firstType': '开发/测试/运维类',
 'formatCreateTime': '10:24发布',
 'industryLables': ['信息安全', 'linux', 'Java'],
 'jobNature': '全职',
 'lastLogin': 1530674582000,
 'linestaion': '16号线_温阳路',
 'positionAdvantage': '五险一金,弹性工作,团队融洽,环境优美',
 'positionName': 'Python开发工程师',
 'salary': '15k-20k',
 'url': 'https://www.lagou.com/jobs/4611449.html',
 'workYear': '3-5年'}
2018-07-04 16:20:03 [scrapy.core.scraper] DEBUG: Scraped from <200 https://www.lagou.com/jobs/positionAjax.json?city=%E5%8C%97%E4%BA%AC&needAddtionalResult=false>
{'city': '北京',
 'companyFullName': '深圳市金证科技股份有限公司',
 'companyLabelList': ['激情的团队', '股票期权', '努力变大牛', '有舞台给您跳'],
 'companySize': '2000人以上',
 'createTime': '2018-07-04 10:19:58',
 'district': '西城区',
 'education': '本科',
 'financeStage': '上市公司',
 'firstType': '开发/测试/运维类',
 'formatCreateTime': '10:19发布',
 'industryLables': ['云计算', '软件开发', '大数据', 'Java'],
 'jobNature': '全职',
 'lastLogin': 1530686490000,
 'linestaion': None,
 'positionAdvantage': '金融央企,五险一金',
 'positionName': 'Python 开发工程师',
 'salary': '15k-17k',
 'url': 'https://www.lagou.com/jobs/4266883.html',
 'workYear': '3-5年'}
2018-07-04 16:20:03 [scrapy.core.scraper] DEBUG: Scraped from <200 https://www.lagou.com/jobs/positionAjax.json?city=%E5%8C%97%E4%BA%AC&needAddtionalResult=false>
{'city': '北京',
 'companyFullName': '北京蚂蜂窝网络科技有限公司',
 'companyLabelList': ['弹性工作', '扁平管理', '氛围好', '年度体检'],
 'companySize': '500-2000人',
 'createTime': '2018-07-04 12:12:05',
 'district': '朝阳区',
 'education': '本科',
 'financeStage': 'D轮及以上',
 'firstType': '开发/测试/运维类',
 'formatCreateTime': '12:12发布',
 'industryLables': [],
 'jobNature': '全职',
 'lastLogin': 1530688840000,
 'linestaion': None,
 'positionAdvantage': '团队氛围好 平台发展快 数据体系大',
 'positionName': '高级Python工程师',
 'salary': '15k-25k',
 'url': 'https://www.lagou.com/jobs/4165288.html',
 'workYear': '3-5年'}
2018-07-04 16:20:03 [scrapy.core.scraper] DEBUG: Scraped from <200 https://www.lagou.com/jobs/positionAjax.json?city=%E5%8C%97%E4%BA%AC&needAddtionalResult=false>
{'city': '北京',
 'companyFullName': '杉数科技（北京）有限公司',
 'companyLabelList': ['带薪年假', '午餐补助', '弹性工作', '年度旅游'],
 'companySize': '50-150人',
 'createTime': '2018-07-04 10:33:26',
 'district': '东城区',
 'education': '本科',
 'financeStage': 'A轮',
 'firstType': '开发/测试/运维类',
 'formatCreateTime': '10:33发布',
 'industryLables': [],
 'jobNature': '全职',
 'lastLogin': 1530671639000,
 'linestaion': '2号线_安定门;2号线_雍和宫;2号线_东直门;5号线_北新桥;5号线_雍和宫;5号线_和平里北街;13号线_柳芳;13号线_东直门;机场线_东直门',
 'positionAdvantage': '超优质团队,大牛带领,福利多多,发展前景',
 'positionName': 'Python开发工程师',
 'salary': '18k-22k',
 'url': 'https://www.lagou.com/jobs/4642285.html',
 'workYear': '3-5年'}
2018-07-04 16:20:03 [scrapy.core.scraper] DEBUG: Scraped from <200 https://www.lagou.com/jobs/positionAjax.json?city=%E5%8C%97%E4%BA%AC&needAddtionalResult=false>
{'city': '北京',
 'companyFullName': '北京作业盒子科技有限公司',
 'companyLabelList': ['技能培训', '年底双薪', '节日礼物', '年度旅游'],
 'companySize': '500-2000人',
 'createTime': '2018-07-03 15:51:19',
 'district': '朝阳区',
 'education': '不限',
 'financeStage': 'C轮',
 'firstType': '开发/测试/运维类',
 'formatCreateTime': '1天前发布',
 'industryLables': [],
 'jobNature': '全职',
 'lastLogin': 1530685917000,
 'linestaion': '1号线_建国门;2号线_东四十条;2号线_朝阳门;2号线_建国门;5号线_灯市口;5号线_东四;6号线_朝阳门;6号线_东四',
 'positionAdvantage': '年底多薪,氛围好',
 'positionName': 'python工程师 (MJ000272)',
 'salary': '20k-40k',
 'url': 'https://www.lagou.com/jobs/4675686.html',
 'workYear': '3-5年'}
2018-07-04 16:20:03 [scrapy.core.scraper] DEBUG: Scraped from <200 https://www.lagou.com/jobs/positionAjax.json?city=%E5%8C%97%E4%BA%AC&needAddtionalResult=false>
{'city': '北京',
 'companyFullName': '乐飞天下信息技术(北京)有限公司',
 'companyLabelList': ['技能培训', '扁平管理', '五险一金', '午餐补助'],
 'companySize': '15-50人',
 'createTime': '2018-07-04 14:06:58',
 'district': '朝阳区',
 'education': '大专',
 'financeStage': '未融资',
 'firstType': '开发/测试/运维类',
 'formatCreateTime': '14:06发布',
 'industryLables': [],
 'jobNature': '全职',
 'lastLogin': 1530687350000,
 'linestaion': '1号线_大望路;1号线_四惠;7号线_大郊亭;7号线_九龙山;14号线东段_大望路;14号线东段_九龙山',
 'positionAdvantage': '五险一金,员工旅游,带薪假期,年底奖金',
 'positionName': 'Python高级研发工程师',
 'salary': '15k-30k',
 'url': 'https://www.lagou.com/jobs/4410096.html',
 'workYear': '5-10年'}
2018-07-04 16:20:03 [scrapy.core.scraper] DEBUG: Scraped from <200 https://www.lagou.com/jobs/positionAjax.json?city=%E5%8C%97%E4%BA%AC&needAddtionalResult=false>
{'city': '北京',
 'companyFullName': '北京弘合柏基金融信息服务有限责任公司',
 'companyLabelList': ['岗位晋升', '股票期权', '绩效奖金', '定期体检'],
 'companySize': '2000人以上',
 'createTime': '2018-07-03 14:45:30',
 'district': '朝阳区',
 'education': '本科',
 'financeStage': '不需要融资',
 'firstType': '开发/测试/运维类',
 'formatCreateTime': '1天前发布',
 'industryLables': [],
 'jobNature': '全职',
 'lastLogin': 1530669598000,
 'linestaion': '10号线_亮马桥;10号线_农业展览馆',
 'positionAdvantage': '职位晋升,带薪年假,行业大拿,空间平台',
 'positionName': '高级python 开发工程师',
 'salary': '12k-24k',
 'url': 'https://www.lagou.com/jobs/4630939.html',
 'workYear': '3-5年'}
2018-07-04 16:20:03 [scrapy.core.scraper] DEBUG: Scraped from <200 https://www.lagou.com/jobs/positionAjax.json?city=%E5%8C%97%E4%BA%AC&needAddtionalResult=false>
{'city': '北京',
 'companyFullName': '北京千锋互联科技有限公司',
 'companyLabelList': ['节日礼物', '专项奖金', '股票期权', '带薪年假'],
 'companySize': '500-2000人',
 'createTime': '2018-07-04 10:25:10',
 'district': '海淀区',
 'education': '大专',
 'financeStage': 'A轮',
 'firstType': '开发/测试/运维类',
 'formatCreateTime': '10:25发布',
 'industryLables': [],
 'jobNature': '全职',
 'lastLogin': 1530687495000,
 'linestaion': '8号线_永泰庄',
 'positionAdvantage': '五险一金,绩效奖金,节日福利,年度旅游',
 'positionName': 'python技术总监',
 'salary': '25k-50k',
 'url': 'https://www.lagou.com/jobs/3610830.html',
 'workYear': '3-5年'}
2018-07-04 16:20:03 [scrapy.core.scraper] DEBUG: Scraped from <200 https://www.lagou.com/jobs/positionAjax.json?city=%E5%8C%97%E4%BA%AC&needAddtionalResult=false>
{'city': '北京',
 'companyFullName': '北京智分科技有限公司',
 'companyLabelList': ['年底双薪', '免费两餐', 'Geek范', '免费健身'],
 'companySize': '50-150人',
 'createTime': '2018-07-04 10:20:04',
 'district': '海淀区',
 'education': '本科',
 'financeStage': '不需要融资',
 'firstType': '开发/测试/运维类',
 'formatCreateTime': '10:20发布',
 'industryLables': [],
 'jobNature': '全职',
 'lastLogin': 1530686020000,
 'linestaion': '10号线_知春路;10号线_西土城;13号线_大钟寺;13号线_知春路',
 'positionAdvantage': 'Geek范,清华系,福利待遇好,股票期权',
 'positionName': '高级Python开发工程师',
 'salary': '25k-45k',
 'url': 'https://www.lagou.com/jobs/3865530.html',
 'workYear': '3-5年'}
2018-07-04 16:20:03 [scrapy.core.scraper] DEBUG: Scraped from <200 https://www.lagou.com/jobs/positionAjax.json?city=%E5%8C%97%E4%BA%AC&needAddtionalResult=false>
{'city': '北京',
 'companyFullName': '北京好巧国际旅行社有限公司',
 'companyLabelList': ['五险一金', '弹性工作', '扁平管理', '百万医疗'],
 'companySize': '150-500人',
 'createTime': '2018-07-03 09:43:01',
 'district': '朝阳区',
 'education': '大专',
 'financeStage': 'B轮',
 'firstType': '开发/测试/运维类',
 'formatCreateTime': '1天前发布',
 'industryLables': [],
 'jobNature': '全职',
 'lastLogin': 1530688956000,
 'linestaion': '5号线_和平西桥;5号线_惠新西街南口;8号线_安华桥;8号线_北土城;10号线_北土城;10号线_安贞门;10号线_惠新西街南口',
 'positionAdvantage': '商业保险,弹性工作,零食水果,扁平管理',
 'positionName': 'Python研发工程师',
 'salary': '25k-35k',
 'url': 'https://www.lagou.com/jobs/4347033.html',
 'workYear': '3-5年'}
2018-07-04 16:20:03 [scrapy.core.scraper] DEBUG: Scraped from <200 https://www.lagou.com/jobs/positionAjax.json?city=%E5%8C%97%E4%BA%AC&needAddtionalResult=false>
{'city': '北京',
 'companyFullName': '北京思维造物信息科技有限公司',
 'companyLabelList': ['专项奖金', '扁平管理', '帅哥多', '领导好'],
 'companySize': '150-500人',
 'createTime': '2018-07-04 09:56:28',
 'district': '朝阳区',
 'education': '本科',
 'financeStage': 'B轮',
 'firstType': '开发/测试/运维类',
 'formatCreateTime': '09:56发布',
 'industryLables': [],
 'jobNature': '全职',
 'lastLogin': 1530687881000,
 'linestaion': None,
 'positionAdvantage': '弹性工作,企业医生,六险一金,年度体检',
 'positionName': 'Python后端开发工程师',
 'salary': '25k-50k',
 'url': 'https://www.lagou.com/jobs/4070522.html',
 'workYear': '3-5年'}
2018-07-04 16:20:03 [scrapy.core.scraper] DEBUG: Scraped from <200 https://www.lagou.com/jobs/positionAjax.json?city=%E5%8C%97%E4%BA%AC&needAddtionalResult=false>
{'city': '北京',
 'companyFullName': '普信恒业科技发展（北京）有限公司',
 'companyLabelList': ['管理规范', '技能培训', '扁平管理', '弹性工作'],
 'companySize': '2000人以上',
 'createTime': '2018-07-04 09:53:13',
 'district': '朝阳区',
 'education': '本科',
 'financeStage': '上市公司',
 'firstType': '开发/测试/运维类',
 'formatCreateTime': '09:53发布',
 'industryLables': ['金融', '高级', 'Shell', '机器学习'],
 'jobNature': '全职',
 'lastLogin': 1530684621000,
 'linestaion': '1号线_国贸;1号线_大望路;6号线_金台路;10号线_金台夕照;10号线_国贸;14号线东段_金台路;14号线东段_大望路',
 'positionAdvantage': '互联网金融,年终奖金,弹性办公,补充医疗·',
 'positionName': 'Python研发工程师',
 'salary': '15k-25k',
 'url': 'https://www.lagou.com/jobs/4662627.html',
 'workYear': '3-5年'}
2018-07-04 16:20:03 [scrapy.core.engine] DEBUG: Crawled (200) <POST https://www.lagou.com/jobs/positionAjax.json?city=%E5%8C%97%E4%BA%AC&needAddtionalResult=false> (referer: https://www.lagou.com/jobs/list_python%E7%88%AC%E8%99%AB?labelWords=sug&fromSearch=true&suginput=python)
2018-07-04 16:20:03 [scrapy.core.scraper] DEBUG: Scraped from <200 https://www.lagou.com/jobs/positionAjax.json?city=%E5%8C%97%E4%BA%AC&needAddtionalResult=false>
{'city': '北京',
 'companyFullName': '北京旷视科技有限公司',
 'companyLabelList': ['科技大牛公司', '自助三餐', '年终多薪', '超长带薪假期'],
 'companySize': '500-2000人',
 'createTime': '2018-07-04 15:14:03',
 'district': '海淀区',
 'education': '本科',
 'financeStage': 'C轮',
 'firstType': '开发/测试/运维类',
 'formatCreateTime': '15:14发布',
 'industryLables': [],
 'jobNature': '全职',
 'lastLogin': 1530685799000,
 'linestaion': '4号线大兴线_海淀黄庄;4号线大兴线_中关村;4号线大兴线_北京大学东门;10号线_海淀黄庄;10号线_知春里;13号线_五道口',
 'positionAdvantage': '核心团队',
 'positionName': 'python高级后端工程师',
 'salary': '25k-50k',
 'url': 'https://www.lagou.com/jobs/3981586.html',
 'workYear': '5-10年'}
2018-07-04 16:20:03 [scrapy.core.scraper] DEBUG: Scraped from <200 https://www.lagou.com/jobs/positionAjax.json?city=%E5%8C%97%E4%BA%AC&needAddtionalResult=false>
{'city': '北京',
 'companyFullName': '北京博智天下信息技术有限公司',
 'companyLabelList': ['扁平管理', '定期体检', '股票期权', '团建活动'],
 'companySize': '150-500人',
 'createTime': '2018-07-04 14:21:43',
 'district': '海淀区',
 'education': '本科',
 'financeStage': 'B轮',
 'firstType': '开发/测试/运维类',
 'formatCreateTime': '14:21发布',
 'industryLables': [],
 'jobNature': '全职',
 'lastLogin': 1530685292000,
 'linestaion': '13号线_上地',
 'positionAdvantage': '出国旅游,免费健身,股票期权,带薪年假',
 'positionName': 'Python开发工程师',
 'salary': '20k-40k',
 'url': 'https://www.lagou.com/jobs/3684375.html',
 'workYear': '5-10年'}
2018-07-04 16:20:03 [scrapy.core.scraper] DEBUG: Scraped from <200 https://www.lagou.com/jobs/positionAjax.json?city=%E5%8C%97%E4%BA%AC&needAddtionalResult=false>
{'city': '北京',
 'companyFullName': '任子行网络技术股份有限公司',
 'companyLabelList': ['年终奖金', '绩效奖金', '年度旅游', '美女多'],
 'companySize': '500-2000人',
 'createTime': '2018-07-04 10:24:31',
 'district': '海淀区',
 'education': '本科',
 'financeStage': '上市公司',
 'firstType': '开发/测试/运维类',
 'formatCreateTime': '10:24发布',
 'industryLables': ['信息安全', 'linux', 'Java'],
 'jobNature': '全职',
 'lastLogin': 1530674582000,
 'linestaion': '16号线_温阳路',
 'positionAdvantage': '五险一金,周末双休,节日福利,弹性时间',
 'positionName': 'Python开发工程师（网安）-北京',
 'salary': '15k-20k',
 'url': 'https://www.lagou.com/jobs/4593423.html',
 'workYear': '3-5年'}
2018-07-04 16:20:03 [scrapy.core.scraper] DEBUG: Scraped from <200 https://www.lagou.com/jobs/positionAjax.json?city=%E5%8C%97%E4%BA%AC&needAddtionalResult=false>
{'city': '北京',
 'companyFullName': '仁科互动（北京）信息科技有限公司',
 'companyLabelList': ['技能培训', '节日礼物', '年底双薪', '绩效奖金'],
 'companySize': '500-2000人',
 'createTime': '2018-07-02 10:54:45',
 'district': '朝阳区',
 'education': '本科',
 'financeStage': 'D轮及以上',
 'firstType': '开发/测试/运维类',
 'formatCreateTime': '2天前发布',
 'industryLables': ['云计算', '信息安全', 'OpenStack'],
 'jobNature': '全职',
 'lastLogin': 1530672391000,
 'linestaion': '6号线_呼家楼;6号线_东大桥;10号线_团结湖;10号线_呼家楼;10号线_金台夕照',
 'positionAdvantage': '不打卡,五险一金,丰厚年终奖,鲜有加班',
 'positionName': 'Python主管',
 'salary': '20k-35k',
 'url': 'https://www.lagou.com/jobs/4550425.html',
 'workYear': '5-10年'}
2018-07-04 16:20:03 [scrapy.core.scraper] DEBUG: Scraped from <200 https://www.lagou.com/jobs/positionAjax.json?city=%E5%8C%97%E4%BA%AC&needAddtionalResult=false>
{'city': '北京',
 'companyFullName': '北京步鼎方舟科技有限公司',
 'companyLabelList': [],
 'companySize': '150-500人',
 'createTime': '2018-07-04 10:29:31',
 'district': '海淀区',
 'education': '本科',
 'financeStage': 'C轮',
 'firstType': '开发/测试/运维类',
 'formatCreateTime': '10:29发布',
 'industryLables': [],
 'jobNature': '全职',
 'lastLogin': 1530688706000,
 'linestaion': '10号线_苏州街;10号线_长春桥;10号线_火器营',
 'positionAdvantage': '一日三餐,六险一金,14薪,定期团建',
 'positionName': 'Python开发工程师',
 'salary': '10k-18k',
 'url': 'https://www.lagou.com/jobs/4507407.html',
 'workYear': '3-5年'}
2018-07-04 16:20:03 [scrapy.core.scraper] DEBUG: Scraped from <200 https://www.lagou.com/jobs/positionAjax.json?city=%E5%8C%97%E4%BA%AC&needAddtionalResult=false>
{'city': '北京',
 'companyFullName': '上海淇毓信息科技有限公司',
 'companyLabelList': ['年底双薪', '股票期权', '带薪年假', '定期体检'],
 'companySize': '500-2000人',
 'createTime': '2018-07-04 15:23:20',
 'district': '朝阳区',
 'education': '本科',
 'financeStage': '未融资',
 'firstType': '开发/测试/运维类',
 'formatCreateTime': '15:23发布',
 'industryLables': [],
 'jobNature': '全职',
 'lastLogin': 1530688993000,
 'linestaion': '14号线东段_望京南;14号线东段_将台',
 'positionAdvantage': '核心业务，角色重要，成长空间大',
 'positionName': 'Python开发工程师',
 'salary': '20k-30k',
 'url': 'https://www.lagou.com/jobs/3966469.html',
 'workYear': '3-5年'}
2018-07-04 16:20:03 [scrapy.core.scraper] DEBUG: Scraped from <200 https://www.lagou.com/jobs/positionAjax.json?city=%E5%8C%97%E4%BA%AC&needAddtionalResult=false>
{'city': '北京',
 'companyFullName': '北京春雨天下软件有限公司',
 'companyLabelList': ['绩效奖金', '五险一金', '带薪年假', '定期体检'],
 'companySize': '150-500人',
 'createTime': '2018-07-04 14:22:26',
 'district': '海淀区',
 'education': '本科',
 'financeStage': 'C轮',
 'firstType': '开发/测试/运维类',
 'formatCreateTime': '14:22发布',
 'industryLables': [],
 'jobNature': '全职',
 'lastLogin': 1530684809000,
 'linestaion': '15号线_六道口',
 'positionAdvantage': '弹性工作,核心业务,一战式面试',
 'positionName': 'Python开发工程师',
 'salary': '15k-25k',
 'url': 'https://www.lagou.com/jobs/4809468.html',
 'workYear': '应届毕业生'}
2018-07-04 16:20:03 [scrapy.core.scraper] DEBUG: Scraped from <200 https://www.lagou.com/jobs/positionAjax.json?city=%E5%8C%97%E4%BA%AC&needAddtionalResult=false>
{'city': '北京',
 'companyFullName': '北京博派通达科技有限公司',
 'companyLabelList': ['年底双薪', '股票期权', '专项奖金', '带薪年假'],
 'companySize': '50-150人',
 'createTime': '2018-07-04 14:01:10',
 'district': '朝阳区',
 'education': '不限',
 'financeStage': 'A轮',
 'firstType': '开发/测试/运维类',
 'formatCreateTime': '14:01发布',
 'industryLables': [],
 'jobNature': '全职',
 'lastLogin': 1530685457000,
 'linestaion': '5号线_和平西桥;5号线_惠新西街南口;5号线_惠新西街北口;10号线_安贞门;10号线_惠新西街南口;10号线_芍药居;13号线_芍药居;13号线_光熙门',
 'positionAdvantage': '不限量零食,福利多多,年终奖,办公环境好',
 'positionName': 'Python开发工程师',
 'salary': '15k-30k',
 'url': 'https://www.lagou.com/jobs/4439353.html',
 'workYear': '3-5年'}
2018-07-04 16:20:03 [scrapy.core.scraper] DEBUG: Scraped from <200 https://www.lagou.com/jobs/positionAjax.json?city=%E5%8C%97%E4%BA%AC&needAddtionalResult=false>
{'city': '北京',
 'companyFullName': '北京一览科技有限公司',
 'companyLabelList': ['股票期权', '弹性工作', '领导好', '扁平管理'],
 'companySize': '150-500人',
 'createTime': '2018-07-04 11:20:42',
 'district': '朝阳区',
 'education': '硕士',
 'financeStage': 'B轮',
 'firstType': '开发/测试/运维类',
 'formatCreateTime': '11:20发布',
 'industryLables': [],
 'jobNature': '全职',
 'lastLogin': 1530687955000,
 'linestaion': '14号线东段_来广营;14号线东段_东湖渠',
 'positionAdvantage': '知识短视频第一品牌，风行网创始人再创业',
 'positionName': 'python开发工程师',
 'salary': '20k-40k',
 'url': 'https://www.lagou.com/jobs/3722967.html',
 'workYear': '不限'}
2018-07-04 16:20:03 [scrapy.core.scraper] DEBUG: Scraped from <200 https://www.lagou.com/jobs/positionAjax.json?city=%E5%8C%97%E4%BA%AC&needAddtionalResult=false>
{'city': '北京',
 'companyFullName': '上海游族信息技术有限公司',
 'companyLabelList': ['五险一金', '岗位晋升', '弹性工作', '扁平管理'],
 'companySize': '500-2000人',
 'createTime': '2018-07-04 10:01:42',
 'district': '东城区',
 'education': '不限',
 'financeStage': '上市公司',
 'firstType': '开发/测试/运维类',
 'formatCreateTime': '10:01发布',
 'industryLables': [],
 'jobNature': '全职',
 'lastLogin': 1530669690000,
 'linestaion': None,
 'positionAdvantage': '福利好、待遇好、上市公司',
 'positionName': 'Python开发工程师-base北京',
 'salary': '12k-18k',
 'url': 'https://www.lagou.com/jobs/4076348.html',
 'workYear': '3-5年'}
2018-07-04 16:20:03 [scrapy.core.scraper] DEBUG: Scraped from <200 https://www.lagou.com/jobs/positionAjax.json?city=%E5%8C%97%E4%BA%AC&needAddtionalResult=false>
{'city': '北京',
 'companyFullName': '北京思维造物信息科技有限公司',
 'companyLabelList': ['专项奖金', '扁平管理', '帅哥多', '领导好'],
 'companySize': '150-500人',
 'createTime': '2018-07-04 09:56:28',
 'district': '朝阳区',
 'education': '本科',
 'financeStage': 'B轮',
 'firstType': '开发/测试/运维类',
 'formatCreateTime': '09:56发布',
 'industryLables': ['云计算', '资深', '高级', 'php', 'Java'],
 'jobNature': '全职',
 'lastLogin': 1530687881000,
 'linestaion': None,
 'positionAdvantage': '大咖云集,技术氛围好',
 'positionName': 'Python开发工程师',
 'salary': '25k-50k',
 'url': 'https://www.lagou.com/jobs/4398177.html',
 'workYear': '3-5年'}
2018-07-04 16:20:03 [scrapy.core.scraper] DEBUG: Scraped from <200 https://www.lagou.com/jobs/positionAjax.json?city=%E5%8C%97%E4%BA%AC&needAddtionalResult=false>
{'city': '北京',
 'companyFullName': '北京果壳互动科技传媒有限公司',
 'companyLabelList': ['技能培训', '年度旅游', '岗位晋升', '家庭式三餐'],
 'companySize': '150-500人',
 'createTime': '2018-07-04 09:52:37',
 'district': '朝阳区',
 'education': '本科',
 'financeStage': 'C轮',
 'firstType': '开发/测试/运维类',
 'formatCreateTime': '09:52发布',
 'industryLables': [],
 'jobNature': '全职',
 'lastLogin': 1530687852000,
 'linestaion': '1号线_国贸;1号线_大望路;7号线_九龙山;10号线_国贸;14号线东段_大望路;14号线东段_九龙山',
 'positionAdvantage': '八险一金,免费三餐,不加班,弹性工作',
 'positionName': '高级Python开发工程师',
 'salary': '20k-40k',
 'url': 'https://www.lagou.com/jobs/2862273.html',
 'workYear': '3-5年'}
2018-07-04 16:20:03 [scrapy.core.scraper] DEBUG: Scraped from <200 https://www.lagou.com/jobs/positionAjax.json?city=%E5%8C%97%E4%BA%AC&needAddtionalResult=false>
{'city': '北京',
 'companyFullName': '北京慕华信息科技有限公司',
 'companyLabelList': ['节日礼物', '股票期权', '带薪年假', '氛围轻松'],
 'companySize': '150-500人',
 'createTime': '2018-07-04 09:19:05',
 'district': '海淀区',
 'education': '本科',
 'financeStage': 'B轮',
 'firstType': '开发/测试/运维类',
 'formatCreateTime': '09:19发布',
 'industryLables': [],
 'jobNature': '全职',
 'lastLogin': 1530687574000,
 'linestaion': '4号线大兴线_北京大学东门;13号线_五道口;15号线_清华东路西口',
 'positionAdvantage': '五险一金,餐补,生日会,优秀团队',
 'positionName': '系统开发工程师（Python）',
 'salary': '20k-35k',
 'url': 'https://www.lagou.com/jobs/3106720.html',
 'workYear': '3-5年'}
2018-07-04 16:20:03 [scrapy.core.scraper] DEBUG: Scraped from <200 https://www.lagou.com/jobs/positionAjax.json?city=%E5%8C%97%E4%BA%AC&needAddtionalResult=false>
{'city': '北京',
 'companyFullName': '北京快松果科技有限公司',
 'companyLabelList': ['年底双薪', '股票期权', '带薪年假', '年度旅游'],
 'companySize': '150-500人',
 'createTime': '2018-07-03 20:53:09',
 'district': '朝阳区',
 'education': '本科',
 'financeStage': 'C轮',
 'firstType': '开发/测试/运维类',
 'formatCreateTime': '1天前发布',
 'industryLables': [],
 'jobNature': '全职',
 'lastLogin': 1530688443000,
 'linestaion': '8号线_奥林匹克公园;8号线_森林公园南门;15号线_奥林匹克公园',
 'positionAdvantage': '千万级用户,牛人团队',
 'positionName': '高级Java/Python开发工程师',
 'salary': '30k-40k',
 'url': 'https://www.lagou.com/jobs/4634320.html',
 'workYear': '5-10年'}
2018-07-04 16:20:03 [scrapy.core.scraper] DEBUG: Scraped from <200 https://www.lagou.com/jobs/positionAjax.json?city=%E5%8C%97%E4%BA%AC&needAddtionalResult=false>
{'city': '北京',
 'companyFullName': '北京诸葛云游科技有限公司',
 'companyLabelList': ['年底双薪', '带薪年假', '五险一金', '期权'],
 'companySize': '50-150人',
 'createTime': '2018-07-03 16:58:51',
 'district': '朝阳区',
 'education': '本科',
 'financeStage': 'A轮',
 'firstType': '开发/测试/运维类',
 'formatCreateTime': '1天前发布',
 'industryLables': ['云计算'],
 'jobNature': '全职',
 'lastLogin': 1530669096000,
 'linestaion': '6号线_呼家楼;6号线_东大桥;10号线_农业展览馆;10号线_团结湖;10号线_呼家楼',
 'positionAdvantage': '五险一金,弹性工作',
 'positionName': 'Python工程师',
 'salary': '15k-20k',
 'url': 'https://www.lagou.com/jobs/4804902.html',
 'workYear': '3-5年'}
2018-07-04 16:20:03 [scrapy.core.engine] INFO: Closing spider (finished)
2018-07-04 16:20:03 [scrapy.statscollectors] INFO: Dumping Scrapy stats:
{'downloader/request_bytes': 20103,
 'downloader/request_count': 30,
 'downloader/request_method_count/POST': 30,
 'downloader/response_bytes': 125441,
 'downloader/response_count': 30,
 'downloader/response_status_count/200': 30,
 'finish_reason': 'finished',
 'finish_time': datetime.datetime(2018, 7, 4, 8, 20, 3, 777511),
 'item_scraped_count': 75,
 'log_count/DEBUG': 106,
 'log_count/INFO': 7,
 'memusage/max': 52056064,
 'memusage/startup': 52051968,
 'response_received_count': 30,
 'scheduler/dequeued': 30,
 'scheduler/dequeued/memory': 30,
 'scheduler/enqueued': 30,
 'scheduler/enqueued/memory': 30,
 'start_time': datetime.datetime(2018, 7, 4, 8, 20, 2, 426116)}
2018-07-04 16:20:03 [scrapy.core.engine] INFO: Spider closed (finished)
